[debug] [2022-11-12T10:43:30.658Z] ----------------------------------------------------------------------
[debug] [2022-11-12T10:43:30.661Z] Command:       /Users/keitamiyano/.anyenv/envs/nodenv/versions/16.4.0/bin/node /Users/keitamiyano/.anyenv/envs/nodenv/versions/16.4.0/bin/firebase deploy
[debug] [2022-11-12T10:43:30.661Z] CLI Version:   11.4.0
[debug] [2022-11-12T10:43:30.661Z] Platform:      darwin
[debug] [2022-11-12T10:43:30.661Z] Node Version:  v16.4.0
[debug] [2022-11-12T10:43:30.667Z] Time:          Sat Nov 12 2022 19:43:30 GMT+0900 (日本標準時)
[debug] [2022-11-12T10:43:30.667Z] ----------------------------------------------------------------------
[debug] 
[debug] [2022-11-12T10:43:30.717Z] > command requires scopes: ["email","openid","https://www.googleapis.com/auth/cloudplatformprojects.readonly","https://www.googleapis.com/auth/firebase","https://www.googleapis.com/auth/cloud-platform"]
[debug] [2022-11-12T10:43:30.717Z] > authorizing via signed-in user (miyanoguitar@gmail.com)
[debug] [2022-11-12T10:43:30.717Z] [iam] checking project probability-experiment for permissions ["firebase.projects.get","firebasehosting.sites.update"]
[debug] [2022-11-12T10:43:30.718Z] > refreshing access token with scopes: []
[debug] [2022-11-12T10:43:30.720Z] >>> [apiv2][query] POST https://www.googleapis.com/oauth2/v3/token [none]
[debug] [2022-11-12T10:43:30.720Z] >>> [apiv2][body] POST https://www.googleapis.com/oauth2/v3/token [omitted]
[debug] [2022-11-12T10:43:30.900Z] <<< [apiv2][status] POST https://www.googleapis.com/oauth2/v3/token 200
[debug] [2022-11-12T10:43:30.901Z] <<< [apiv2][body] POST https://www.googleapis.com/oauth2/v3/token [omitted]
[debug] [2022-11-12T10:43:30.959Z] >>> [apiv2][query] POST https://cloudresourcemanager.googleapis.com/v1/projects/probability-experiment:testIamPermissions [none]
[debug] [2022-11-12T10:43:30.959Z] >>> [apiv2][(partial)header] POST https://cloudresourcemanager.googleapis.com/v1/projects/probability-experiment:testIamPermissions x-goog-quota-user=projects/probability-experiment
[debug] [2022-11-12T10:43:30.959Z] >>> [apiv2][body] POST https://cloudresourcemanager.googleapis.com/v1/projects/probability-experiment:testIamPermissions {"permissions":["firebase.projects.get","firebasehosting.sites.update"]}
[debug] [2022-11-12T10:43:31.641Z] <<< [apiv2][status] POST https://cloudresourcemanager.googleapis.com/v1/projects/probability-experiment:testIamPermissions 200
[debug] [2022-11-12T10:43:31.641Z] <<< [apiv2][body] POST https://cloudresourcemanager.googleapis.com/v1/projects/probability-experiment:testIamPermissions {"permissions":["firebase.projects.get","firebasehosting.sites.update"]}
[debug] [2022-11-12T10:43:31.642Z] >>> [apiv2][query] GET https://firebase.googleapis.com/v1beta1/projects/probability-experiment [none]
[debug] [2022-11-12T10:43:32.086Z] <<< [apiv2][status] GET https://firebase.googleapis.com/v1beta1/projects/probability-experiment 200
[debug] [2022-11-12T10:43:32.086Z] <<< [apiv2][body] GET https://firebase.googleapis.com/v1beta1/projects/probability-experiment {"projectId":"probability-experiment","projectNumber":"617338633003","displayName":"probability-experiment","name":"projects/probability-experiment","resources":{"hostingSite":"probability-experiment","storageBucket":"probability-experiment.appspot.com","locationId":"asia-northeast1"},"state":"ACTIVE","etag":"1_c645eec3-c829-4be9-81f0-d4f7cb2b67a8"}
[info] 
[info] === Deploying to 'probability-experiment'...
[info] 
[info] i  deploying hosting 
[debug] [2022-11-12T10:43:32.088Z] >>> [apiv2][query] GET https://firebase.googleapis.com/v1beta1/projects/probability-experiment [none]
[debug] [2022-11-12T10:43:32.435Z] <<< [apiv2][status] GET https://firebase.googleapis.com/v1beta1/projects/probability-experiment 200
[debug] [2022-11-12T10:43:32.435Z] <<< [apiv2][body] GET https://firebase.googleapis.com/v1beta1/projects/probability-experiment {"projectId":"probability-experiment","projectNumber":"617338633003","displayName":"probability-experiment","name":"projects/probability-experiment","resources":{"hostingSite":"probability-experiment","storageBucket":"probability-experiment.appspot.com","locationId":"asia-northeast1"},"state":"ACTIVE","etag":"1_c645eec3-c829-4be9-81f0-d4f7cb2b67a8"}
[debug] [2022-11-12T10:43:32.437Z] >>> [apiv2][query] POST https://firebasehosting.googleapis.com/v1beta1/projects/617338633003/sites/probability-experiment/versions [none]
[debug] [2022-11-12T10:43:32.437Z] >>> [apiv2][body] POST https://firebasehosting.googleapis.com/v1beta1/projects/617338633003/sites/probability-experiment/versions {"config":{"rewrites":[{"glob":"**","path":"/index.html"}]},"labels":{"deployment-tool":"cli-firebase"}}
[debug] [2022-11-12T10:43:33.355Z] <<< [apiv2][status] POST https://firebasehosting.googleapis.com/v1beta1/projects/617338633003/sites/probability-experiment/versions 200
[debug] [2022-11-12T10:43:33.356Z] <<< [apiv2][body] POST https://firebasehosting.googleapis.com/v1beta1/projects/617338633003/sites/probability-experiment/versions {"name":"projects/617338633003/sites/probability-experiment/versions/08906554b8501c3d","status":"CREATED","config":{"rewrites":[{"glob":"**","path":"/index.html"}]},"labels":{"deployment-tool":"cli-firebase"}}
[info] i  hosting[probability-experiment]: beginning deploy... 
[info] i  hosting[probability-experiment]: found 21 files in build 
[debug] [2022-11-12T10:43:33.364Z] [hosting] uploading with 200 concurrency
[debug] [2022-11-12T10:43:33.609Z] [hosting] hash cache [YnVpbGQ] stored for 21 files
[debug] [2022-11-12T10:43:33.609Z] [hosting][hash queue][FINAL] {"max":239,"min":9,"avg":22.333333333333332,"active":0,"complete":21,"success":21,"errored":0,"retried":0,"total":21,"elapsed":244}
[debug] [2022-11-12T10:43:33.610Z] >>> [apiv2][query] POST https://firebasehosting.googleapis.com/v1beta1/projects/617338633003/sites/probability-experiment/versions/08906554b8501c3d:populateFiles [none]
[debug] [2022-11-12T10:43:33.610Z] >>> [apiv2][body] POST https://firebasehosting.googleapis.com/v1beta1/projects/617338633003/sites/probability-experiment/versions/08906554b8501c3d:populateFiles {"files":{"/asset-manifest.json":"4b62b22b4be7df78ed17f0613ddb584efa8fa3d21c74845267bb83a8ca544468","/favicon.ico":"f83a752d6112cf22041238142bd9372c401dcf7d58d9a410510255c8ba85cbcc","/index.html":"db03c1c538e5a9665f5dacc8b504788d7a1887e1f8bd7116df2d3f7ca9b4a04d","/manifest.json":"a1c95730a607dc210fdb4c2c2ae9494a4ad908174ce8e1a73af70ebb60c34970","/logo192.png":"84438e6b27ca4c822ceba06e7ade20c93d2cc73033d9d5f8fc6bb3194103d1dc","/doors/door_close.png":"0c4f16ba865d1db5680404e9b6ba14dcfc5d2ed7178582625b73bace61268cbf","/robots.txt":"391d14b3c2f8c9143a27a28c7399585142228d4d1bdbe2c87ac946de411fa9a2","/doors/door_open.png":"e0a96b5cd57493d98219e53b0b58578ab0bdb84a9b6b5c0618e2dc99f324f109","/doors/door_close_resize.png":"b574c523589dc819807f4af19351d05a37211c97294587199dd6f455f027ada4","/static/css/main.9071bff3.css":"62ffcdff611ac6109f9a2ce65c3f7b01db4f746b4c89b858f189434660468db6","/doors/img404_26.png":"fc0ef3ffd46d7c0bc3291bf02ccc6663d7f06e0f43335645c1d497cacb8c45df","/logo512.png":"05acd69e813f3d3401c976f461b415e8452fa7569bba78b812cdea1a33f48282","/static/css/main.9071bff3.css.map":"064a1ef9cba6b804019ae3528825f511135e83d821dddc419ee7421e4a738412","/static/js/787.45bf7e90.chunk.js":"c71333787385a28c025ee11f16e0d6cc42884646a42804c5f983aa3429d9fe82","/static/js/main.25170b73.js.LICENSE.txt":"d114b22d628f7c914576863d58340cab9edf933cf6e05be61601643a4f1b792f","/static/js/787.45bf7e90.chunk.js.map":"90a549d719eea8d4261c8d693b4d0344996d0736f3c69f1e172c311bff8a4669","/doors/kuji_ken2_atari.png":"f3772e03b682c7c84ceb059fb39c9899cfd506caf2d26a05305bdf7779971140","/doors/kuji_ken3_hazure.png":"10e3a2ad64ce5218a46b7de7b46b473728ae2b3fa98f28955e1437865c06e6fe","/doors/present_happy_boy.png":"e97ef8da7ce257d59a73551fa74ec1a4f564270c76ad9810101ee40f1ea43170","/static/js/main.25170b73.js":"686ec49c23ec8841cc9b32d48668721db1c3ff7eedbb6921362622ffb415186f","/static/js/main.25170b73.js.map":"f182bca6e9c40c294afdaace797775d702cf08bb93f8b52c4b81cd7d957df06a"}}
